<?xml version="1.0" encoding="UTF-8" ?>
<testsuite tests="5" failures="0" name="com.gigi_g.virtualmachinegenerator.AppTest" time="0.958" errors="0" skipped="0">
  <properties>
[...]
</properties>
  <testcase classname="com.gigi_g.virtualmachinegenerator.AppTest" name="testGenerate" time="0.109"/>
  <testcase classname="com.gigi_g.virtualmachinegenerator.AppTest" name="testSystemGenerateMachine" time="0.781"/>
  <testcase classname="com.gigi_g.virtualmachinegenerator.AppTest" name="testOperatingSystem" time="0.016"/>
  <testcase classname="com.gigi_g.virtualmachinegenerator.AppTest" name="testVirtualMachine" time="0.035"/>
  <testcase classname="com.gigi_g.virtualmachinegenerator.AppTest" name="testKeyListener" time="0.017"/>
</testsuite>