<?xml version="1.0" encoding="UTF-8" ?>
<testsuite tests="5" failures="0" name="com.gigi_g.virtualmachinegenerator.AppTest" time="0.071" errors="0" skipped="0">
  <properties>
[...]
</properties>
  <testcase classname="com.gigi_g.virtualmachinegenerator.AppTest" name="testGenerate" time="0.026"/>
  <testcase classname="com.gigi_g.virtualmachinegenerator.AppTest" name="testSystemGenerateMachine" time="0.04"/>
  <testcase classname="com.gigi_g.virtualmachinegenerator.AppTest" name="testOperatingSystem" time="0.001"/>
  <testcase classname="com.gigi_g.virtualmachinegenerator.AppTest" name="testVirtualMachine" time="0.003"/>
  <testcase classname="com.gigi_g.virtualmachinegenerator.AppTest" name="testKeyListener" time="0.001"/>
</testsuite>